3
0
1 0.9700436 -0.24308753 0 0.466203685 0.43236573 0
1 -0.9700436 0.24308753 0 0.466203685 0.43236573 0
1 0 0 0 -0.93240737 -0.86473146 0
3
5.001155866351753
1 -0.2624402971990026 0.2199955813191525 0 1.032540122803547 -0.7027345112245602 0
1 -0.7945762557056034 -0.3397082040632574 0 -0.839565043474653 0.2365358180250764 0
1 1.057016552904614 0.1197126227441097 0 -0.1929750793288967 0.4661986931994848 0
3
10.0004045265735
1 -1.080959243165669 -0.007913136737639806 0 -0.01195052565276599 0.4672073389811965 0
1 0.5587910111266021 0.3489239278176129 0 -1.09030718720237 -0.197378614143969 0
1 0.5221682320390529 -0.3410107910799641 0 1.102257712855136 -0.2698287248372286 0
3
15.00373975479194
1 -0.232405365609481 -0.1989838582586248 0 -1.01528757257856 -0.7374124136918984 0
1 1.051012733394281 -0.1332158916494948 0 0.2179031269363131 0.4654214112671828 0
1 -0.8186073677848023 0.3321997499081242 0 0.7973844456422503 0.2719910024247153 0
3
20.00290016083045
1 0.9840672040043322 0.2293872390903144 0 -0.4289921856856915 0.4409332207194199 0
1 -0.02924135255668713 0.0270967188584479 0 0.9340335579621359 -0.8626802185535468 0
1 -0.9548258514476324 -0.2564839579487561 0 -0.5050413722764414 0.4217469978341284 0
3
25.00238512813605
1 0.7661180960495928 -0.3468198226296721 0 0.8856886745126198 0.1915036300229476 0
1 -1.06295495360179 0.104291078101421 0 0.1658171422523506 0.4668145386466533 0
1 0.2968368575522204 0.2425287445282638 0 -1.051505816764964 -0.6583181686695999 0
3
30.00261028176483
1 -0.5934996051887503 0.3540110167009289 0 1.072574599722827 -0.1283290631132646 0
1 -0.4867301417069397 -0.3313260024716776 0 -1.107356278482299 -0.3388867929964459 0
1 1.08022974689574 -0.02268501422922287 0 0.03478167875947595 0.4672158561097137 0
